# JRE version: Java(TM) SE Runtime Environment (21.0.5+9) (build 21.0.5+9-LTS-239)
# Java VM: Java HotSpot(TM) 64-Bit Server VM (21.0.5+9-LTS-239, mixed mode, sharing, tiered, compressed oops, compressed class ptrs, parallel gc, windows-amd64)
GC Precious Log:
 CardTable entry size: 512
 CPUs: 12 total, 12 available
 Memory: 16071M
 Large Page Support: Disabled
 NUMA Support: Disabled
 Compressed Oops: Enabled (32-bit)
 Alignments: Space 512K, Generation 512K, Heap 2M
 Heap Min Capacity: 100M
 Heap Initial Capacity: 100M
 Heap Max Capacity: 1G
 Pre-touch: Disabled
 Parallel Workers: 10
Heap:
 PSYoungGen      total 12800K, used 11768K [0x00000000eab00000, 0x00000000ebe80000, 0x0000000100000000)
  eden space 9728K, 89% used [0x00000000eab00000,0x00000000eb37e650,0x00000000eb480000)
  from space 3072K, 99% used [0x00000000eb500000,0x00000000eb7ffc80,0x00000000eb800000)
  to   space 5120K, 0% used [0x00000000eb980000,0x00000000eb980000,0x00000000ebe80000)
 ParOldGen       total 116736K, used 94270K [0x00000000c0000000, 0x00000000c7200000, 0x00000000eab00000)
  object space 116736K, 80% used [0x00000000c0000000,0x00000000c5c0f8e0,0x00000000c7200000)
 Metaspace       used 44350K, committed 45504K, reserved 1114112K
  class space    used 4542K, committed 5056K, reserved 1048576K
GC Heap History (20 events):
Event: 9.468 GC heap after
{Heap after GC invocations=39 (full 3):
 PSYoungGen      total 18432K, used 3500K [0x00000000eab00000, 0x00000000ec180000, 0x0000000100000000)
  eden space 14848K, 0% used [0x00000000eab00000,0x00000000eab00000,0x00000000eb980000)
  from space 3584K, 97% used [0x00000000eba80000,0x00000000ebdeb288,0x00000000ebe00000)
  to   space 3584K, 0% used [0x00000000ebe00000,0x00000000ebe00000,0x00000000ec180000)
 ParOldGen       total 91648K, used 72938K [0x00000000c0000000, 0x00000000c5980000, 0x00000000eab00000)
  object space 91648K, 79% used [0x00000000c0000000,0x00000000c473a920,0x00000000c5980000)
 Metaspace       used 44349K, committed 45504K, reserved 1114112K
  class space    used 4542K, committed 5056K, reserved 1048576K
}
Event: 9.502 GC heap before
{Heap before GC invocations=40 (full 3):
 PSYoungGen      total 18432K, used 18348K [0x00000000eab00000, 0x00000000ec180000, 0x0000000100000000)
  eden space 14848K, 100% used [0x00000000eab00000,0x00000000eb980000,0x00000000eb980000)
  from space 3584K, 97% used [0x00000000eba80000,0x00000000ebdeb288,0x00000000ebe00000)
  to   space 3584K, 0% used [0x00000000ebe00000,0x00000000ebe00000,0x00000000ec180000)
 ParOldGen       total 91648K, used 72938K [0x00000000c0000000, 0x00000000c5980000, 0x00000000eab00000)
  object space 91648K, 79% used [0x00000000c0000000,0x00000000c473a920,0x00000000c5980000)
 Metaspace       used 44349K, committed 45504K, reserved 1114112K
  class space    used 4542K, committed 5056K, reserved 1048576K
}
Event: 9.504 GC heap after
{Heap after GC invocations=40 (full 3):
 PSYoungGen      total 15360K, used 3580K [0x00000000eab00000, 0x00000000ec880000, 0x0000000100000000)
  eden space 11776K, 0% used [0x00000000eab00000,0x00000000eab00000,0x00000000eb680000)
  from space 3584K, 99% used [0x00000000ebe00000,0x00000000ec17f190,0x00000000ec180000)
  to   space 7680K, 0% used [0x00000000eb680000,0x00000000eb680000,0x00000000ebe00000)
 ParOldGen       total 91648K, used 76130K [0x00000000c0000000, 0x00000000c5980000, 0x00000000eab00000)
  object space 91648K, 83% used [0x00000000c0000000,0x00000000c4a589a8,0x00000000c5980000)
 Metaspace       used 44349K, committed 45504K, reserved 1114112K
  class space    used 4542K, committed 5056K, reserved 1048576K
}
Event: 9.524 GC heap before
{Heap before GC invocations=41 (full 3):
 PSYoungGen      total 15360K, used 15356K [0x00000000eab00000, 0x00000000ec880000, 0x0000000100000000)
  eden space 11776K, 100% used [0x00000000eab00000,0x00000000eb680000,0x00000000eb680000)
  from space 3584K, 99% used [0x00000000ebe00000,0x00000000ec17f190,0x00000000ec180000)
  to   space 7680K, 0% used [0x00000000eb680000,0x00000000eb680000,0x00000000ebe00000)
 ParOldGen       total 91648K, used 76130K [0x00000000c0000000, 0x00000000c5980000, 0x00000000eab00000)
  object space 91648K, 83% used [0x00000000c0000000,0x00000000c4a589a8,0x00000000c5980000)
 Metaspace       used 44349K, committed 45504K, reserved 1114112K
  class space    used 4542K, committed 5056K, reserved 1048576K
}
Event: 9.526 GC heap after
{Heap after GC invocations=41 (full 3):
 PSYoungGen      total 14336K, used 2541K [0x00000000eab00000, 0x00000000ebe80000, 0x0000000100000000)
  eden space 11776K, 0% used [0x00000000eab00000,0x00000000eab00000,0x00000000eb680000)
  from space 2560K, 99% used [0x00000000eb680000,0x00000000eb8fb788,0x00000000eb900000)
  to   space 4096K, 0% used [0x00000000eba80000,0x00000000eba80000,0x00000000ebe80000)
 ParOldGen       total 91648K, used 79685K [0x00000000c0000000, 0x00000000c5980000, 0x00000000eab00000)
  object space 91648K, 86% used [0x00000000c0000000,0x00000000c4dd1478,0x00000000c5980000)
 Metaspace       used 44349K, committed 45504K, reserved 1114112K
  class space    used 4542K, committed 5056K, reserved 1048576K
}
Event: 9.546 GC heap before
{Heap before GC invocations=42 (full 3):
 PSYoungGen      total 14336K, used 14317K [0x00000000eab00000, 0x00000000ebe80000, 0x0000000100000000)
  eden space 11776K, 100% used [0x00000000eab00000,0x00000000eb680000,0x00000000eb680000)
  from space 2560K, 99% used [0x00000000eb680000,0x00000000eb8fb788,0x00000000eb900000)
  to   space 4096K, 0% used [0x00000000eba80000,0x00000000eba80000,0x00000000ebe80000)
 ParOldGen       total 91648K, used 79685K [0x00000000c0000000, 0x00000000c5980000, 0x00000000eab00000)
  object space 91648K, 86% used [0x00000000c0000000,0x00000000c4dd1478,0x00000000c5980000)
 Metaspace       used 44349K, committed 45504K, reserved 1114112K
  class space    used 4542K, committed 5056K, reserved 1048576K
}
Event: 9.548 GC heap after
{Heap after GC invocations=42 (full 3):
 PSYoungGen      total 14848K, used 2801K [0x00000000eab00000, 0x00000000ebd80000, 0x0000000100000000)
  eden space 11776K, 0% used [0x00000000eab00000,0x00000000eab00000,0x00000000eb680000)
  from space 3072K, 91% used [0x00000000eba80000,0x00000000ebd3c610,0x00000000ebd80000)
  to   space 3072K, 0% used [0x00000000eb780000,0x00000000eb780000,0x00000000eba80000)
 ParOldGen       total 91648K, used 82044K [0x00000000c0000000, 0x00000000c5980000, 0x00000000eab00000)
  object space 91648K, 89% used [0x00000000c0000000,0x00000000c501f008,0x00000000c5980000)
 Metaspace       used 44349K, committed 45504K, reserved 1114112K
  class space    used 4542K, committed 5056K, reserved 1048576K
}
Event: 9.570 GC heap before
{Heap before GC invocations=43 (full 3):
 PSYoungGen      total 14848K, used 14577K [0x00000000eab00000, 0x00000000ebd80000, 0x0000000100000000)
  eden space 11776K, 100% used [0x00000000eab00000,0x00000000eb680000,0x00000000eb680000)
  from space 3072K, 91% used [0x00000000eba80000,0x00000000ebd3c610,0x00000000ebd80000)
  to   space 3072K, 0% used [0x00000000eb780000,0x00000000eb780000,0x00000000eba80000)
 ParOldGen       total 91648K, used 82044K [0x00000000c0000000, 0x00000000c5980000, 0x00000000eab00000)
  object space 91648K, 89% used [0x00000000c0000000,0x00000000c501f008,0x00000000c5980000)
 Metaspace       used 44349K, committed 45504K, reserved 1114112K
  class space    used 4542K, committed 5056K, reserved 1048576K
}
Event: 9.571 GC heap after
{Heap after GC invocations=43 (full 3):
 PSYoungGen      total 14848K, used 2818K [0x00000000eab00000, 0x00000000ebc80000, 0x0000000100000000)
  eden space 11776K, 0% used [0x00000000eab00000,0x00000000eab00000,0x00000000eb680000)
  from space 3072K, 91% used [0x00000000eb780000,0x00000000eba408b8,0x00000000eba80000)
  to   space 2048K, 0% used [0x00000000eba80000,0x00000000eba80000,0x00000000ebc80000)
 ParOldGen       total 91648K, used 84666K [0x00000000c0000000, 0x00000000c5980000, 0x00000000eab00000)
  object space 91648K, 92% used [0x00000000c0000000,0x00000000c52aea88,0x00000000c5980000)
 Metaspace       used 44349K, committed 45504K, reserved 1114112K
  class space    used 4542K, committed 5056K, reserved 1048576K
}
Event: 9.602 GC heap before
{Heap before GC invocations=44 (full 3):
 PSYoungGen      total 14848K, used 14594K [0x00000000eab00000, 0x00000000ebc80000, 0x0000000100000000)
  eden space 11776K, 100% used [0x00000000eab00000,0x00000000eb680000,0x00000000eb680000)
  from space 3072K, 91% used [0x00000000eb780000,0x00000000eba408b8,0x00000000eba80000)
  to   space 2048K, 0% used [0x00000000eba80000,0x00000000eba80000,0x00000000ebc80000)
 ParOldGen       total 91648K, used 84666K [0x00000000c0000000, 0x00000000c5980000, 0x00000000eab00000)
  object space 91648K, 92% used [0x00000000c0000000,0x00000000c52aea88,0x00000000c5980000)
 Metaspace       used 44349K, committed 45504K, reserved 1114112K
  class space    used 4542K, committed 5056K, reserved 1048576K
}
Event: 9.603 GC heap after
{Heap after GC invocations=44 (full 3):
 PSYoungGen      total 11776K, used 2027K [0x00000000eab00000, 0x00000000ec280000, 0x0000000100000000)
  eden space 9728K, 0% used [0x00000000eab00000,0x00000000eab00000,0x00000000eb480000)
  from space 2048K, 98% used [0x00000000eba80000,0x00000000ebc7ad90,0x00000000ebc80000)
  to   space 6144K, 0% used [0x00000000eb480000,0x00000000eb480000,0x00000000eba80000)
 ParOldGen       total 91648K, used 87960K [0x00000000c0000000, 0x00000000c5980000, 0x00000000eab00000)
  object space 91648K, 95% used [0x00000000c0000000,0x00000000c55e6268,0x00000000c5980000)
 Metaspace       used 44349K, committed 45504K, reserved 1114112K
  class space    used 4542K, committed 5056K, reserved 1048576K
}
Event: 9.653 GC heap before
{Heap before GC invocations=45 (full 3):
 PSYoungGen      total 11776K, used 11755K [0x00000000eab00000, 0x00000000ec280000, 0x0000000100000000)
  eden space 9728K, 100% used [0x00000000eab00000,0x00000000eb480000,0x00000000eb480000)
  from space 2048K, 98% used [0x00000000eba80000,0x00000000ebc7ad90,0x00000000ebc80000)
  to   space 6144K, 0% used [0x00000000eb480000,0x00000000eb480000,0x00000000eba80000)
 ParOldGen       total 91648K, used 87960K [0x00000000c0000000, 0x00000000c5980000, 0x00000000eab00000)
  object space 91648K, 95% used [0x00000000c0000000,0x00000000c55e6268,0x00000000c5980000)
 Metaspace       used 44349K, committed 45504K, reserved 1114112K
  class space    used 4542K, committed 5056K, reserved 1048576K
}
Event: 9.655 GC heap after
{Heap after GC invocations=45 (full 3):
 PSYoungGen      total 12288K, used 2464K [0x00000000eab00000, 0x00000000ebb80000, 0x0000000100000000)
  eden space 9728K, 0% used [0x00000000eab00000,0x00000000eab00000,0x00000000eb480000)
  from space 2560K, 96% used [0x00000000eb480000,0x00000000eb6e8290,0x00000000eb700000)
  to   space 3584K, 0% used [0x00000000eb800000,0x00000000eb800000,0x00000000ebb80000)
 ParOldGen       total 91648K, used 89955K [0x00000000c0000000, 0x00000000c5980000, 0x00000000eab00000)
  object space 91648K, 98% used [0x00000000c0000000,0x00000000c57d8c00,0x00000000c5980000)
 Metaspace       used 44349K, committed 45504K, reserved 1114112K
  class space    used 4542K, committed 5056K, reserved 1048576K
}
Event: 9.655 GC heap before
{Heap before GC invocations=46 (full 4):
 PSYoungGen      total 12288K, used 2464K [0x00000000eab00000, 0x00000000ebb80000, 0x0000000100000000)
  eden space 9728K, 0% used [0x00000000eab00000,0x00000000eab00000,0x00000000eb480000)
  from space 2560K, 96% used [0x00000000eb480000,0x00000000eb6e8290,0x00000000eb700000)
  to   space 3584K, 0% used [0x00000000eb800000,0x00000000eb800000,0x00000000ebb80000)
 ParOldGen       total 91648K, used 89955K [0x00000000c0000000, 0x00000000c5980000, 0x00000000eab00000)
  object space 91648K, 98% used [0x00000000c0000000,0x00000000c57d8c00,0x00000000c5980000)
 Metaspace       used 44349K, committed 45504K, reserved 1114112K
  class space    used 4542K, committed 5056K, reserved 1048576K
}
Event: 9.690 GC heap after
{Heap after GC invocations=46 (full 4):
 PSYoungGen      total 13312K, used 0K [0x00000000eab00000, 0x00000000ebb80000, 0x0000000100000000)
  eden space 9728K, 0% used [0x00000000eab00000,0x00000000eab00000,0x00000000eb480000)
  from space 3584K, 0% used [0x00000000eb800000,0x00000000eb800000,0x00000000ebb80000)
  to   space 3584K, 0% used [0x00000000eb480000,0x00000000eb480000,0x00000000eb800000)
 ParOldGen       total 116736K, used 89319K [0x00000000c0000000, 0x00000000c7200000, 0x00000000eab00000)
  object space 116736K, 76% used [0x00000000c0000000,0x00000000c5739d50,0x00000000c7200000)
 Metaspace       used 44349K, committed 45504K, reserved 1114112K
  class space    used 4542K, committed 5056K, reserved 1048576K
}
Event: 9.734 GC heap before
{Heap before GC invocations=47 (full 4):
 PSYoungGen      total 13312K, used 9728K [0x00000000eab00000, 0x00000000ebb80000, 0x0000000100000000)
  eden space 9728K, 100% used [0x00000000eab00000,0x00000000eb480000,0x00000000eb480000)
  from space 3584K, 0% used [0x00000000eb800000,0x00000000eb800000,0x00000000ebb80000)
  to   space 3584K, 0% used [0x00000000eb480000,0x00000000eb480000,0x00000000eb800000)
 ParOldGen       total 116736K, used 89319K [0x00000000c0000000, 0x00000000c7200000, 0x00000000eab00000)
  object space 116736K, 76% used [0x00000000c0000000,0x00000000c5739d50,0x00000000c7200000)
 Metaspace       used 44350K, committed 45504K, reserved 1114112K
  class space    used 4542K, committed 5056K, reserved 1048576K
}
Event: 9.737 GC heap after
{Heap after GC invocations=47 (full 4):
 PSYoungGen      total 13312K, used 3582K [0x00000000eab00000, 0x00000000ebc80000, 0x0000000100000000)
  eden space 9728K, 0% used [0x00000000eab00000,0x00000000eab00000,0x00000000eb480000)
  from space 3584K, 99% used [0x00000000eb480000,0x00000000eb7ff918,0x00000000eb800000)
  to   space 4096K, 0% used [0x00000000eb880000,0x00000000eb880000,0x00000000ebc80000)
 ParOldGen       total 116736K, used 89520K [0x00000000c0000000, 0x00000000c7200000, 0x00000000eab00000)
  object space 116736K, 76% used [0x00000000c0000000,0x00000000c576c300,0x00000000c7200000)
 Metaspace       used 44350K, committed 45504K, reserved 1114112K
  class space    used 4542K, committed 5056K, reserved 1048576K
}
Event: 9.758 GC heap before
{Heap before GC invocations=48 (full 4):
 PSYoungGen      total 13312K, used 13310K [0x00000000eab00000, 0x00000000ebc80000, 0x0000000100000000)
  eden space 9728K, 100% used [0x00000000eab00000,0x00000000eb480000,0x00000000eb480000)
  from space 3584K, 99% used [0x00000000eb480000,0x00000000eb7ff918,0x00000000eb800000)
  to   space 4096K, 0% used [0x00000000eb880000,0x00000000eb880000,0x00000000ebc80000)
 ParOldGen       total 116736K, used 89520K [0x00000000c0000000, 0x00000000c7200000, 0x00000000eab00000)
  object space 116736K, 76% used [0x00000000c0000000,0x00000000c576c300,0x00000000c7200000)
 Metaspace       used 44350K, committed 45504K, reserved 1114112K
  class space    used 4542K, committed 5056K, reserved 1048576K
}
Event: 9.761 GC heap after
{Heap after GC invocations=48 (full 4):
 PSYoungGen      total 12288K, used 2239K [0x00000000eab00000, 0x00000000ebb00000, 0x0000000100000000)
  eden space 9728K, 0% used [0x00000000eab00000,0x00000000eab00000,0x00000000eb480000)
  from space 2560K, 87% used [0x00000000eb880000,0x00000000ebaaff00,0x00000000ebb00000)
  to   space 3072K, 0% used [0x00000000eb500000,0x00000000eb500000,0x00000000eb800000)
 ParOldGen       total 116736K, used 93046K [0x00000000c0000000, 0x00000000c7200000, 0x00000000eab00000)
  object space 116736K, 79% used [0x00000000c0000000,0x00000000c5add8e0,0x00000000c7200000)
 Metaspace       used 44350K, committed 45504K, reserved 1114112K
  class space    used 4542K, committed 5056K, reserved 1048576K
}
Event: 9.780 GC heap before
{Heap before GC invocations=49 (full 4):
 PSYoungGen      total 12288K, used 11967K [0x00000000eab00000, 0x00000000ebb00000, 0x0000000100000000)
  eden space 9728K, 100% used [0x00000000eab00000,0x00000000eb480000,0x00000000eb480000)
  from space 2560K, 87% used [0x00000000eb880000,0x00000000ebaaff00,0x00000000ebb00000)
  to   space 3072K, 0% used [0x00000000eb500000,0x00000000eb500000,0x00000000eb800000)
 ParOldGen       total 116736K, used 93046K [0x00000000c0000000, 0x00000000c7200000, 0x00000000eab00000)
  object space 116736K, 79% used [0x00000000c0000000,0x00000000c5add8e0,0x00000000c7200000)
 Metaspace       used 44350K, committed 45504K, reserved 1114112K
  class space    used 4542K, committed 5056K, reserved 1048576K
}

