# JRE version: Java(TM) SE Runtime Environment (21.0.5+9) (build 21.0.5+9-LTS-239)
# Java VM: Java HotSpot(TM) 64-Bit Server VM (21.0.5+9-LTS-239, mixed mode, sharing, tiered, compressed oops, compressed class ptrs, parallel gc, windows-amd64)
GC Precious Log:
 CardTable entry size: 512
 CPUs: 12 total, 12 available
 Memory: 16071M
 Large Page Support: Disabled
 NUMA Support: Disabled
 Compressed Oops: Enabled (32-bit)
 Alignments: Space 512K, Generation 512K, Heap 2M
 Heap Min Capacity: 100M
 Heap Initial Capacity: 100M
 Heap Max Capacity: 1G
 Pre-touch: Disabled
 Parallel Workers: 10
Heap:
 PSYoungGen      total 21504K, used 3059K [0x00000000eab00000, 0x00000000ec300000, 0x0000000100000000)
  eden space 18432K, 0% used [0x00000000eab00000,0x00000000eab00000,0x00000000ebd00000)
  from space 3072K, 99% used [0x00000000ec000000,0x00000000ec2fce10,0x00000000ec300000)
  to   space 3072K, 0% used [0x00000000ebd00000,0x00000000ebd00000,0x00000000ec000000)
 ParOldGen       total 68608K, used 57462K [0x00000000c0000000, 0x00000000c4300000, 0x00000000eab00000)
  object space 68608K, 83% used [0x00000000c0000000,0x00000000c381dac8,0x00000000c4300000)
 Metaspace       used 49235K, committed 50432K, reserved 1114112K
  class space    used 5057K, committed 5632K, reserved 1048576K
GC Heap History (20 events):
Event: 4.702 GC heap after
{Heap after GC invocations=24 (full 2):
 PSYoungGen      total 22016K, used 3321K [0x00000000eab00000, 0x00000000ec680000, 0x0000000100000000)
  eden space 18432K, 0% used [0x00000000eab00000,0x00000000eab00000,0x00000000ebd00000)
  from space 3584K, 92% used [0x00000000ec300000,0x00000000ec63e478,0x00000000ec680000)
  to   space 4096K, 0% used [0x00000000ebe80000,0x00000000ebe80000,0x00000000ec280000)
 ParOldGen       total 68608K, used 33660K [0x00000000c0000000, 0x00000000c4300000, 0x00000000eab00000)
  object space 68608K, 49% used [0x00000000c0000000,0x00000000c20df010,0x00000000c4300000)
 Metaspace       used 44116K, committed 45248K, reserved 1114112K
  class space    used 4439K, committed 4992K, reserved 1048576K
}
Event: 5.744 GC heap before
{Heap before GC invocations=25 (full 2):
 PSYoungGen      total 22016K, used 21753K [0x00000000eab00000, 0x00000000ec680000, 0x0000000100000000)
  eden space 18432K, 100% used [0x00000000eab00000,0x00000000ebd00000,0x00000000ebd00000)
  from space 3584K, 92% used [0x00000000ec300000,0x00000000ec63e478,0x00000000ec680000)
  to   space 4096K, 0% used [0x00000000ebe80000,0x00000000ebe80000,0x00000000ec280000)
 ParOldGen       total 68608K, used 33660K [0x00000000c0000000, 0x00000000c4300000, 0x00000000eab00000)
  object space 68608K, 49% used [0x00000000c0000000,0x00000000c20df010,0x00000000c4300000)
 Metaspace       used 44410K, committed 45568K, reserved 1114112K
  class space    used 4469K, committed 4992K, reserved 1048576K
}
Event: 5.746 GC heap after
{Heap after GC invocations=25 (full 2):
 PSYoungGen      total 22016K, used 3194K [0x00000000eab00000, 0x00000000ec400000, 0x0000000100000000)
  eden space 18432K, 0% used [0x00000000eab00000,0x00000000eab00000,0x00000000ebd00000)
  from space 3584K, 89% used [0x00000000ebe80000,0x00000000ec19eba8,0x00000000ec200000)
  to   space 2048K, 0% used [0x00000000ec200000,0x00000000ec200000,0x00000000ec400000)
 ParOldGen       total 68608K, used 36823K [0x00000000c0000000, 0x00000000c4300000, 0x00000000eab00000)
  object space 68608K, 53% used [0x00000000c0000000,0x00000000c23f5c80,0x00000000c4300000)
 Metaspace       used 44410K, committed 45568K, reserved 1114112K
  class space    used 4469K, committed 4992K, reserved 1048576K
}
Event: 5.774 GC heap before
{Heap before GC invocations=26 (full 2):
 PSYoungGen      total 22016K, used 21626K [0x00000000eab00000, 0x00000000ec400000, 0x0000000100000000)
  eden space 18432K, 100% used [0x00000000eab00000,0x00000000ebd00000,0x00000000ebd00000)
  from space 3584K, 89% used [0x00000000ebe80000,0x00000000ec19eba8,0x00000000ec200000)
  to   space 2048K, 0% used [0x00000000ec200000,0x00000000ec200000,0x00000000ec400000)
 ParOldGen       total 68608K, used 36823K [0x00000000c0000000, 0x00000000c4300000, 0x00000000eab00000)
  object space 68608K, 53% used [0x00000000c0000000,0x00000000c23f5c80,0x00000000c4300000)
 Metaspace       used 44599K, committed 45824K, reserved 1114112K
  class space    used 4497K, committed 5056K, reserved 1048576K
}
Event: 5.776 GC heap after
{Heap after GC invocations=26 (full 2):
 PSYoungGen      total 20480K, used 2039K [0x00000000eab00000, 0x00000000ec600000, 0x0000000100000000)
  eden space 18432K, 0% used [0x00000000eab00000,0x00000000eab00000,0x00000000ebd00000)
  from space 2048K, 99% used [0x00000000ec200000,0x00000000ec3fdc10,0x00000000ec400000)
  to   space 4608K, 0% used [0x00000000ebd00000,0x00000000ebd00000,0x00000000ec180000)
 ParOldGen       total 68608K, used 38904K [0x00000000c0000000, 0x00000000c4300000, 0x00000000eab00000)
  object space 68608K, 56% used [0x00000000c0000000,0x00000000c25fe230,0x00000000c4300000)
 Metaspace       used 44599K, committed 45824K, reserved 1114112K
  class space    used 4497K, committed 5056K, reserved 1048576K
}
Event: 5.801 GC heap before
{Heap before GC invocations=27 (full 2):
 PSYoungGen      total 20480K, used 20471K [0x00000000eab00000, 0x00000000ec600000, 0x0000000100000000)
  eden space 18432K, 100% used [0x00000000eab00000,0x00000000ebd00000,0x00000000ebd00000)
  from space 2048K, 99% used [0x00000000ec200000,0x00000000ec3fdc10,0x00000000ec400000)
  to   space 4608K, 0% used [0x00000000ebd00000,0x00000000ebd00000,0x00000000ec180000)
 ParOldGen       total 68608K, used 38904K [0x00000000c0000000, 0x00000000c4300000, 0x00000000eab00000)
  object space 68608K, 56% used [0x00000000c0000000,0x00000000c25fe230,0x00000000c4300000)
 Metaspace       used 44895K, committed 46080K, reserved 1114112K
  class space    used 4512K, committed 5056K, reserved 1048576K
}
Event: 5.802 GC heap after
{Heap after GC invocations=27 (full 2):
 PSYoungGen      total 19456K, used 818K [0x00000000eab00000, 0x00000000ec280000, 0x0000000100000000)
  eden space 18432K, 0% used [0x00000000eab00000,0x00000000eab00000,0x00000000ebd00000)
  from space 1024K, 79% used [0x00000000ebd00000,0x00000000ebdccbd0,0x00000000ebe00000)
  to   space 2048K, 0% used [0x00000000ec080000,0x00000000ec080000,0x00000000ec280000)
 ParOldGen       total 68608K, used 40273K [0x00000000c0000000, 0x00000000c4300000, 0x00000000eab00000)
  object space 68608K, 58% used [0x00000000c0000000,0x00000000c2754510,0x00000000c4300000)
 Metaspace       used 44895K, committed 46080K, reserved 1114112K
  class space    used 4512K, committed 5056K, reserved 1048576K
}
Event: 5.858 GC heap before
{Heap before GC invocations=28 (full 2):
 PSYoungGen      total 19456K, used 19250K [0x00000000eab00000, 0x00000000ec280000, 0x0000000100000000)
  eden space 18432K, 100% used [0x00000000eab00000,0x00000000ebd00000,0x00000000ebd00000)
  from space 1024K, 79% used [0x00000000ebd00000,0x00000000ebdccbd0,0x00000000ebe00000)
  to   space 2048K, 0% used [0x00000000ec080000,0x00000000ec080000,0x00000000ec280000)
 ParOldGen       total 68608K, used 40273K [0x00000000c0000000, 0x00000000c4300000, 0x00000000eab00000)
  object space 68608K, 58% used [0x00000000c0000000,0x00000000c2754510,0x00000000c4300000)
 Metaspace       used 46244K, committed 47488K, reserved 1114112K
  class space    used 4678K, committed 5248K, reserved 1048576K
}
Event: 5.859 GC heap after
{Heap after GC invocations=28 (full 2):
 PSYoungGen      total 20480K, used 2036K [0x00000000eab00000, 0x00000000ec400000, 0x0000000100000000)
  eden space 18432K, 0% used [0x00000000eab00000,0x00000000eab00000,0x00000000ebd00000)
  from space 2048K, 99% used [0x00000000ec080000,0x00000000ec27d090,0x00000000ec280000)
  to   space 3584K, 0% used [0x00000000ebd00000,0x00000000ebd00000,0x00000000ec080000)
 ParOldGen       total 68608K, used 41215K [0x00000000c0000000, 0x00000000c4300000, 0x00000000eab00000)
  object space 68608K, 60% used [0x00000000c0000000,0x00000000c283fce8,0x00000000c4300000)
 Metaspace       used 46244K, committed 47488K, reserved 1114112K
  class space    used 4678K, committed 5248K, reserved 1048576K
}
Event: 5.933 GC heap before
{Heap before GC invocations=29 (full 2):
 PSYoungGen      total 20480K, used 20468K [0x00000000eab00000, 0x00000000ec400000, 0x0000000100000000)
  eden space 18432K, 100% used [0x00000000eab00000,0x00000000ebd00000,0x00000000ebd00000)
  from space 2048K, 99% used [0x00000000ec080000,0x00000000ec27d090,0x00000000ec280000)
  to   space 3584K, 0% used [0x00000000ebd00000,0x00000000ebd00000,0x00000000ec080000)
 ParOldGen       total 68608K, used 41215K [0x00000000c0000000, 0x00000000c4300000, 0x00000000eab00000)
  object space 68608K, 60% used [0x00000000c0000000,0x00000000c283fce8,0x00000000c4300000)
 Metaspace       used 46852K, committed 48000K, reserved 1114112K
  class space    used 4762K, committed 5312K, reserved 1048576K
}
Event: 5.935 GC heap after
{Heap after GC invocations=29 (full 2):
 PSYoungGen      total 21504K, used 2854K [0x00000000eab00000, 0x00000000ec300000, 0x0000000100000000)
  eden space 18432K, 0% used [0x00000000eab00000,0x00000000eab00000,0x00000000ebd00000)
  from space 3072K, 92% used [0x00000000ebd00000,0x00000000ebfc9918,0x00000000ec000000)
  to   space 3072K, 0% used [0x00000000ec000000,0x00000000ec000000,0x00000000ec300000)
 ParOldGen       total 68608K, used 43171K [0x00000000c0000000, 0x00000000c4300000, 0x00000000eab00000)
  object space 68608K, 62% used [0x00000000c0000000,0x00000000c2a28d40,0x00000000c4300000)
 Metaspace       used 46852K, committed 48000K, reserved 1114112K
  class space    used 4762K, committed 5312K, reserved 1048576K
}
Event: 5.997 GC heap before
{Heap before GC invocations=30 (full 2):
 PSYoungGen      total 21504K, used 21286K [0x00000000eab00000, 0x00000000ec300000, 0x0000000100000000)
  eden space 18432K, 100% used [0x00000000eab00000,0x00000000ebd00000,0x00000000ebd00000)
  from space 3072K, 92% used [0x00000000ebd00000,0x00000000ebfc9918,0x00000000ec000000)
  to   space 3072K, 0% used [0x00000000ec000000,0x00000000ec000000,0x00000000ec300000)
 ParOldGen       total 68608K, used 43171K [0x00000000c0000000, 0x00000000c4300000, 0x00000000eab00000)
  object space 68608K, 62% used [0x00000000c0000000,0x00000000c2a28d40,0x00000000c4300000)
 Metaspace       used 47362K, committed 48576K, reserved 1114112K
  class space    used 4845K, committed 5376K, reserved 1048576K
}
Event: 5.999 GC heap after
{Heap after GC invocations=30 (full 2):
 PSYoungGen      total 21504K, used 2796K [0x00000000eab00000, 0x00000000ec300000, 0x0000000100000000)
  eden space 18432K, 0% used [0x00000000eab00000,0x00000000eab00000,0x00000000ebd00000)
  from space 3072K, 91% used [0x00000000ec000000,0x00000000ec2bb248,0x00000000ec300000)
  to   space 3072K, 0% used [0x00000000ebd00000,0x00000000ebd00000,0x00000000ec000000)
 ParOldGen       total 68608K, used 46235K [0x00000000c0000000, 0x00000000c4300000, 0x00000000eab00000)
  object space 68608K, 67% used [0x00000000c0000000,0x00000000c2d26e70,0x00000000c4300000)
 Metaspace       used 47362K, committed 48576K, reserved 1114112K
  class space    used 4845K, committed 5376K, reserved 1048576K
}
Event: 6.058 GC heap before
{Heap before GC invocations=31 (full 2):
 PSYoungGen      total 21504K, used 21228K [0x00000000eab00000, 0x00000000ec300000, 0x0000000100000000)
  eden space 18432K, 100% used [0x00000000eab00000,0x00000000ebd00000,0x00000000ebd00000)
  from space 3072K, 91% used [0x00000000ec000000,0x00000000ec2bb248,0x00000000ec300000)
  to   space 3072K, 0% used [0x00000000ebd00000,0x00000000ebd00000,0x00000000ec000000)
 ParOldGen       total 68608K, used 46235K [0x00000000c0000000, 0x00000000c4300000, 0x00000000eab00000)
  object space 68608K, 67% used [0x00000000c0000000,0x00000000c2d26e70,0x00000000c4300000)
 Metaspace       used 47963K, committed 49216K, reserved 1114112K
  class space    used 4917K, committed 5504K, reserved 1048576K
}
Event: 6.060 GC heap after
{Heap after GC invocations=31 (full 2):
 PSYoungGen      total 21504K, used 2949K [0x00000000eab00000, 0x00000000ec300000, 0x0000000100000000)
  eden space 18432K, 0% used [0x00000000eab00000,0x00000000eab00000,0x00000000ebd00000)
  from space 3072K, 95% used [0x00000000ebd00000,0x00000000ebfe1410,0x00000000ec000000)
  to   space 3072K, 0% used [0x00000000ec000000,0x00000000ec000000,0x00000000ec300000)
 ParOldGen       total 68608K, used 48624K [0x00000000c0000000, 0x00000000c4300000, 0x00000000eab00000)
  object space 68608K, 70% used [0x00000000c0000000,0x00000000c2f7c048,0x00000000c4300000)
 Metaspace       used 47963K, committed 49216K, reserved 1114112K
  class space    used 4917K, committed 5504K, reserved 1048576K
}
Event: 7.103 GC heap before
{Heap before GC invocations=32 (full 2):
 PSYoungGen      total 21504K, used 21381K [0x00000000eab00000, 0x00000000ec300000, 0x0000000100000000)
  eden space 18432K, 100% used [0x00000000eab00000,0x00000000ebd00000,0x00000000ebd00000)
  from space 3072K, 95% used [0x00000000ebd00000,0x00000000ebfe1410,0x00000000ec000000)
  to   space 3072K, 0% used [0x00000000ec000000,0x00000000ec000000,0x00000000ec300000)
 ParOldGen       total 68608K, used 48624K [0x00000000c0000000, 0x00000000c4300000, 0x00000000eab00000)
  object space 68608K, 70% used [0x00000000c0000000,0x00000000c2f7c048,0x00000000c4300000)
 Metaspace       used 48526K, committed 49664K, reserved 1114112K
  class space    used 4964K, committed 5504K, reserved 1048576K
}
Event: 9.111 GC heap after
{Heap after GC invocations=32 (full 2):
 PSYoungGen      total 21504K, used 3057K [0x00000000eab00000, 0x00000000ec300000, 0x0000000100000000)
  eden space 18432K, 0% used [0x00000000eab00000,0x00000000eab00000,0x00000000ebd00000)
  from space 3072K, 99% used [0x00000000ec000000,0x00000000ec2fc6a0,0x00000000ec300000)
  to   space 3072K, 0% used [0x00000000ebd00000,0x00000000ebd00000,0x00000000ec000000)
 ParOldGen       total 68608K, used 51378K [0x00000000c0000000, 0x00000000c4300000, 0x00000000eab00000)
  object space 68608K, 74% used [0x00000000c0000000,0x00000000c322c8b0,0x00000000c4300000)
 Metaspace       used 48526K, committed 49664K, reserved 1114112K
  class space    used 4964K, committed 5504K, reserved 1048576K
}
Event: 9.147 GC heap before
{Heap before GC invocations=33 (full 2):
 PSYoungGen      total 21504K, used 21489K [0x00000000eab00000, 0x00000000ec300000, 0x0000000100000000)
  eden space 18432K, 100% used [0x00000000eab00000,0x00000000ebd00000,0x00000000ebd00000)
  from space 3072K, 99% used [0x00000000ec000000,0x00000000ec2fc6a0,0x00000000ec300000)
  to   space 3072K, 0% used [0x00000000ebd00000,0x00000000ebd00000,0x00000000ec000000)
 ParOldGen       total 68608K, used 51378K [0x00000000c0000000, 0x00000000c4300000, 0x00000000eab00000)
  object space 68608K, 74% used [0x00000000c0000000,0x00000000c322c8b0,0x00000000c4300000)
 Metaspace       used 48928K, committed 50048K, reserved 1114112K
  class space    used 5017K, committed 5568K, reserved 1048576K
}
Event: 11.168 GC heap after
{Heap after GC invocations=33 (full 2):
 PSYoungGen      total 21504K, used 3070K [0x00000000eab00000, 0x00000000ec300000, 0x0000000100000000)
  eden space 18432K, 0% used [0x00000000eab00000,0x00000000eab00000,0x00000000ebd00000)
  from space 3072K, 99% used [0x00000000ebd00000,0x00000000ebfff808,0x00000000ec000000)
  to   space 3072K, 0% used [0x00000000ec000000,0x00000000ec000000,0x00000000ec300000)
 ParOldGen       total 68608K, used 54358K [0x00000000c0000000, 0x00000000c4300000, 0x00000000eab00000)
  object space 68608K, 79% used [0x00000000c0000000,0x00000000c3515850,0x00000000c4300000)
 Metaspace       used 48928K, committed 50048K, reserved 1114112K
  class space    used 5017K, committed 5568K, reserved 1048576K
}
Event: 14.233 GC heap before
{Heap before GC invocations=34 (full 2):
 PSYoungGen      total 21504K, used 21502K [0x00000000eab00000, 0x00000000ec300000, 0x0000000100000000)
  eden space 18432K, 100% used [0x00000000eab00000,0x00000000ebd00000,0x00000000ebd00000)
  from space 3072K, 99% used [0x00000000ebd00000,0x00000000ebfff808,0x00000000ec000000)
  to   space 3072K, 0% used [0x00000000ec000000,0x00000000ec000000,0x00000000ec300000)
 ParOldGen       total 68608K, used 54358K [0x00000000c0000000, 0x00000000c4300000, 0x00000000eab00000)
  object space 68608K, 79% used [0x00000000c0000000,0x00000000c3515850,0x00000000c4300000)
 Metaspace       used 49235K, committed 50432K, reserved 1114112K
  class space    used 5057K, committed 5632K, reserved 1048576K
}

